[2025-03-31 14:19:12] This is codeql database index-files --include-extension=.yaml --include-extension=.yml --size-limit=5m --language yaml -- C:\Users\simon\OneDrive\Documents\CSCE413-HW\SQL_Injection-hw\my-python-db
[2025-03-31 14:19:12] Log file was started late.
[2025-03-31 14:19:13] Using index-files script C:\Tools\codeql\yaml\tools\index-files.cmd.
[2025-03-31 14:19:13] [PROGRESS] database index-files> Scanning for files in C:\Users\simon\OneDrive\Documents\CSCE413-HW\SQL_Injection-hw...
[2025-03-31 14:19:13] Calling plumbing command: codeql resolve files --include-extension=.yaml --include-extension=.yml --size-limit=5m C:\Users\simon\OneDrive\Documents\CSCE413-HW\SQL_Injection-hw --format=json
[2025-03-31 14:19:13] [PROGRESS] resolve files> Scanning C:\Users\simon\OneDrive\Documents\CSCE413-HW\SQL_Injection-hw...
[2025-03-31 14:19:13] [PROGRESS] resolve files> Scanning C:\Users\simon\OneDrive\Documents\CSCE413-HW\SQL_Injection-hw\my-python-db...
[2025-03-31 14:19:13] [PROGRESS] resolve files> Scanning C:\Users\simon\OneDrive\Documents\CSCE413-HW\SQL_Injection-hw\my-python-db\diagnostic...
[2025-03-31 14:19:13] [PROGRESS] resolve files> Scanning C:\Users\simon\OneDrive\Documents\CSCE413-HW\SQL_Injection-hw\my-python-db\diagnostic\extractors...
[2025-03-31 14:19:13] [PROGRESS] resolve files> Scanning C:\Users\simon\OneDrive\Documents\CSCE413-HW\SQL_Injection-hw\my-python-db\diagnostic\extractors\python...
[2025-03-31 14:19:13] [PROGRESS] resolve files> Scanning C:\Users\simon\OneDrive\Documents\CSCE413-HW\SQL_Injection-hw\my-python-db\diagnostic\tracer...
[2025-03-31 14:19:13] [PROGRESS] resolve files> Scanning C:\Users\simon\OneDrive\Documents\CSCE413-HW\SQL_Injection-hw\my-python-db\log...
[2025-03-31 14:19:13] [PROGRESS] resolve files> Scanning C:\Users\simon\OneDrive\Documents\CSCE413-HW\SQL_Injection-hw\my-python-db\src...
[2025-03-31 14:19:13] [PROGRESS] resolve files> Scanning C:\Users\simon\OneDrive\Documents\CSCE413-HW\SQL_Injection-hw\my-python-db\src\C_...
[2025-03-31 14:19:13] [PROGRESS] resolve files> Scanning C:\Users\simon\OneDrive\Documents\CSCE413-HW\SQL_Injection-hw\my-python-db\src\C_\Users...
[2025-03-31 14:19:13] [PROGRESS] resolve files> Scanning C:\Users\simon\OneDrive\Documents\CSCE413-HW\SQL_Injection-hw\my-python-db\src\C_\Users\simon...
[2025-03-31 14:19:13] [PROGRESS] resolve files> Scanning C:\Users\simon\OneDrive\Documents\CSCE413-HW\SQL_Injection-hw\my-python-db\src\C_\Users\simon\AppData...
[2025-03-31 14:19:13] [PROGRESS] resolve files> Scanning C:\Users\simon\OneDrive\Documents\CSCE413-HW\SQL_Injection-hw\my-python-db\src\C_\Users\simon\AppData\Local...
[2025-03-31 14:19:13] [PROGRESS] resolve files> Scanning C:\Users\simon\OneDrive\Documents\CSCE413-HW\SQL_Injection-hw\my-python-db\src\C_\Users\simon\AppData\Local\Programs...
[2025-03-31 14:19:13] [PROGRESS] resolve files> Scanning C:\Users\simon\OneDrive\Documents\CSCE413-HW\SQL_Injection-hw\my-python-db\src\C_\Users\simon\AppData\Local\Programs\Python...
[2025-03-31 14:19:13] [PROGRESS] resolve files> Scanning C:\Users\simon\OneDrive\Documents\CSCE413-HW\SQL_Injection-hw\my-python-db\src\C_\Users\simon\AppData\Local\Programs\Python\Python312...
[2025-03-31 14:19:13] [PROGRESS] resolve files> Scanning C:\Users\simon\OneDrive\Documents\CSCE413-HW\SQL_Injection-hw\my-python-db\src\C_\Users\simon\AppData\Local\Programs\Python\Python312\Lib...
[2025-03-31 14:19:13] [PROGRESS] resolve files> Scanning C:\Users\simon\OneDrive\Documents\CSCE413-HW\SQL_Injection-hw\my-python-db\src\C_\Users\simon\AppData\Local\Programs\Python\Python312\Lib\asyncio...
[2025-03-31 14:19:13] [PROGRESS] resolve files> Scanning C:\Users\simon\OneDrive\Documents\CSCE413-HW\SQL_Injection-hw\my-python-db\src\C_\Users\simon\AppData\Local\Programs\Python\Python312\Lib\collections...
[2025-03-31 14:19:13] [PROGRESS] resolve files> Scanning C:\Users\simon\OneDrive\Documents\CSCE413-HW\SQL_Injection-hw\my-python-db\src\C_\Users\simon\AppData\Local\Programs\Python\Python312\Lib\concurrent...
[2025-03-31 14:19:13] [PROGRESS] resolve files> Scanning C:\Users\simon\OneDrive\Documents\CSCE413-HW\SQL_Injection-hw\my-python-db\src\C_\Users\simon\AppData\Local\Programs\Python\Python312\Lib\concurrent\futures...
[2025-03-31 14:19:13] [PROGRESS] resolve files> Scanning C:\Users\simon\OneDrive\Documents\CSCE413-HW\SQL_Injection-hw\my-python-db\src\C_\Users\simon\AppData\Local\Programs\Python\Python312\Lib\ctypes...
[2025-03-31 14:19:13] [PROGRESS] resolve files> Scanning C:\Users\simon\OneDrive\Documents\CSCE413-HW\SQL_Injection-hw\my-python-db\src\C_\Users\simon\AppData\Local\Programs\Python\Python312\Lib\ctypes\macholib...
[2025-03-31 14:19:13] [PROGRESS] resolve files> Scanning C:\Users\simon\OneDrive\Documents\CSCE413-HW\SQL_Injection-hw\my-python-db\src\C_\Users\simon\AppData\Local\Programs\Python\Python312\Lib\email...
[2025-03-31 14:19:13] [PROGRESS] resolve files> Scanning C:\Users\simon\OneDrive\Documents\CSCE413-HW\SQL_Injection-hw\my-python-db\src\C_\Users\simon\AppData\Local\Programs\Python\Python312\Lib\encodings...
[2025-03-31 14:19:13] [PROGRESS] resolve files> Scanning C:\Users\simon\OneDrive\Documents\CSCE413-HW\SQL_Injection-hw\my-python-db\src\C_\Users\simon\AppData\Local\Programs\Python\Python312\Lib\html...
[2025-03-31 14:19:13] [PROGRESS] resolve files> Scanning C:\Users\simon\OneDrive\Documents\CSCE413-HW\SQL_Injection-hw\my-python-db\src\C_\Users\simon\AppData\Local\Programs\Python\Python312\Lib\http...
[2025-03-31 14:19:13] [PROGRESS] resolve files> Scanning C:\Users\simon\OneDrive\Documents\CSCE413-HW\SQL_Injection-hw\my-python-db\src\C_\Users\simon\AppData\Local\Programs\Python\Python312\Lib\importlib...
[2025-03-31 14:19:13] [PROGRESS] resolve files> Scanning C:\Users\simon\OneDrive\Documents\CSCE413-HW\SQL_Injection-hw\my-python-db\src\C_\Users\simon\AppData\Local\Programs\Python\Python312\Lib\logging...
[2025-03-31 14:19:13] [PROGRESS] resolve files> Scanning C:\Users\simon\OneDrive\Documents\CSCE413-HW\SQL_Injection-hw\my-python-db\src\C_\Users\simon\AppData\Local\Programs\Python\Python312\Lib\multiprocessing...
[2025-03-31 14:19:13] [PROGRESS] resolve files> Scanning C:\Users\simon\OneDrive\Documents\CSCE413-HW\SQL_Injection-hw\my-python-db\src\C_\Users\simon\AppData\Local\Programs\Python\Python312\Lib\re...
[2025-03-31 14:19:13] [PROGRESS] resolve files> Scanning C:\Users\simon\OneDrive\Documents\CSCE413-HW\SQL_Injection-hw\my-python-db\src\C_\Users\simon\AppData\Local\Programs\Python\Python312\Lib\sqlite3...
[2025-03-31 14:19:13] [PROGRESS] resolve files> Scanning C:\Users\simon\OneDrive\Documents\CSCE413-HW\SQL_Injection-hw\my-python-db\src\C_\Users\simon\AppData\Local\Programs\Python\Python312\Lib\test...
[2025-03-31 14:19:13] [PROGRESS] resolve files> Scanning C:\Users\simon\OneDrive\Documents\CSCE413-HW\SQL_Injection-hw\my-python-db\src\C_\Users\simon\AppData\Local\Programs\Python\Python312\Lib\test\support...
[2025-03-31 14:19:13] [PROGRESS] resolve files> Scanning C:\Users\simon\OneDrive\Documents\CSCE413-HW\SQL_Injection-hw\my-python-db\src\C_\Users\simon\AppData\Local\Programs\Python\Python312\Lib\tkinter...
[2025-03-31 14:19:13] [PROGRESS] resolve files> Scanning C:\Users\simon\OneDrive\Documents\CSCE413-HW\SQL_Injection-hw\my-python-db\src\C_\Users\simon\AppData\Local\Programs\Python\Python312\Lib\unittest...
[2025-03-31 14:19:13] [PROGRESS] resolve files> Scanning C:\Users\simon\OneDrive\Documents\CSCE413-HW\SQL_Injection-hw\my-python-db\src\C_\Users\simon\AppData\Local\Programs\Python\Python312\Lib\urllib...
[2025-03-31 14:19:13] [PROGRESS] resolve files> Scanning C:\Users\simon\OneDrive\Documents\CSCE413-HW\SQL_Injection-hw\my-python-db\src\C_\Users\simon\AppData\Local\Programs\Python\Python312\Lib\xml...
[2025-03-31 14:19:13] [PROGRESS] resolve files> Scanning C:\Users\simon\OneDrive\Documents\CSCE413-HW\SQL_Injection-hw\my-python-db\src\C_\Users\simon\AppData\Local\Programs\Python\Python312\Lib\xml\parsers...
[2025-03-31 14:19:13] [PROGRESS] resolve files> Scanning C:\Users\simon\OneDrive\Documents\CSCE413-HW\SQL_Injection-hw\my-python-db\src\C_\Users\simon\AppData\Local\Programs\Python\Python312\Lib\xmlrpc...
[2025-03-31 14:19:13] [PROGRESS] resolve files> Scanning C:\Users\simon\OneDrive\Documents\CSCE413-HW\SQL_Injection-hw\my-python-db\src\C_\Users\simon\AppData\Local\Programs\Python\Python312\Lib\zipfile...
[2025-03-31 14:19:13] [PROGRESS] resolve files> Scanning C:\Users\simon\OneDrive\Documents\CSCE413-HW\SQL_Injection-hw\my-python-db\src\C_\Users\simon\AppData\Local\Programs\Python\Python312\Lib\zipfile\_path...
[2025-03-31 14:19:13] [PROGRESS] resolve files> Scanning C:\Users\simon\OneDrive\Documents\CSCE413-HW\SQL_Injection-hw\my-python-db\src\C_\Users\simon\OneDrive...
[2025-03-31 14:19:13] [PROGRESS] resolve files> Scanning C:\Users\simon\OneDrive\Documents\CSCE413-HW\SQL_Injection-hw\my-python-db\src\C_\Users\simon\OneDrive\Documents...
[2025-03-31 14:19:13] [PROGRESS] resolve files> Scanning C:\Users\simon\OneDrive\Documents\CSCE413-HW\SQL_Injection-hw\my-python-db\src\C_\Users\simon\OneDrive\Documents\CSCE413-HW...
[2025-03-31 14:19:13] [PROGRESS] resolve files> Scanning C:\Users\simon\OneDrive\Documents\CSCE413-HW\SQL_Injection-hw\my-python-db\src\C_\Users\simon\OneDrive\Documents\CSCE413-HW\SQL_Injection-hw...
[2025-03-31 14:19:13] [PROGRESS] resolve files> Scanning C:\Users\simon\OneDrive\Documents\CSCE413-HW\SQL_Injection-hw\my-python-db\trap...
[2025-03-31 14:19:13] [PROGRESS] resolve files> Scanning C:\Users\simon\OneDrive\Documents\CSCE413-HW\SQL_Injection-hw\my-python-db\trap\python...
[2025-03-31 14:19:13] [PROGRESS] resolve files> Scanning C:\Users\simon\OneDrive\Documents\CSCE413-HW\SQL_Injection-hw\my-python-db\working...
[2025-03-31 14:19:13] [PROGRESS] resolve files> Scanning C:\Users\simon\OneDrive\Documents\CSCE413-HW\SQL_Injection-hw\my-python-db\working\trap_cache...
[2025-03-31 14:19:13] [PROGRESS] resolve files> Scanning C:\Users\simon\OneDrive\Documents\CSCE413-HW\SQL_Injection-hw\my-python-db\working\trap_cache\1...
[2025-03-31 14:19:13] [PROGRESS] resolve files> Scanning C:\Users\simon\OneDrive\Documents\CSCE413-HW\SQL_Injection-hw\my-python-db\working\trap_cache\2...
[2025-03-31 14:19:13] [PROGRESS] resolve files> Scanning C:\Users\simon\OneDrive\Documents\CSCE413-HW\SQL_Injection-hw\my-python-db\working\trap_cache\3...
[2025-03-31 14:19:13] Plumbing command codeql resolve files completed:
                      [
                        "C:\\Users\\simon\\OneDrive\\Documents\\CSCE413-HW\\SQL_Injection-hw\\my-python-db\\codeql-database.yml"
                      ]
[2025-03-31 14:19:13] [DETAILS] database index-files> Found 1 files.
[2025-03-31 14:19:13] [PROGRESS] database index-files> C:\Users\simon\OneDrive\Documents\CSCE413-HW\SQL_Injection-hw\my-python-db: Indexing files in in C:\Users\simon\OneDrive\Documents\CSCE413-HW\SQL_Injection-hw...
[2025-03-31 14:19:13] Using index-files script C:\Tools\codeql\yaml\tools\index-files.cmd.
[2025-03-31 14:19:13] [PROGRESS] database index-files> Running command in C:\Users\simon\OneDrive\Documents\CSCE413-HW\SQL_Injection-hw: [C:\Tools\codeql\yaml\tools\index-files.cmd, C:\Users\simon\OneDrive\Documents\CSCE413-HW\SQL_Injection-hw\my-python-db\working\files-to-index10598833896890561499.list]
[2025-03-31 14:19:14] Terminating normally.
