[2025-03-31 14:21:41] This is codeql execute queries -J-Xmx1800M --off-heap-ram=1304 --verbosity=progress --logdir=C:\Users\simon\OneDrive\Documents\CSCE413-HW\SQL_Injection-hw\my-python-db\log --evaluator-log-level=5 --warnings=show --dynamic-join-order-mode=none --qlconfig-file=C:\Users\simon\OneDrive\Documents\CSCE413-HW\SQL_Injection-hw\qlconfig.yml --no-rerun --output=C:\Users\simon\OneDrive\Documents\CSCE413-HW\SQL_Injection-hw\my-python-db\results -- C:\Users\simon\OneDrive\Documents\CSCE413-HW\SQL_Injection-hw\my-python-db\db-python github/codeql/python-queries:Security/CWE/CWE-089/SqlInjection.ql
[2025-03-31 14:21:41] Calling plumbing command: codeql resolve queries --qlconfig-file=C:\Users\simon\OneDrive\Documents\CSCE413-HW\SQL_Injection-hw\qlconfig.yml --format=json -- github/codeql/python-queries:Security/CWE/CWE-089/SqlInjection.ql
[2025-03-31 14:21:41] Exception caught at top level: Invalid package specification: github/codeql/python-queries:Security/CWE/CWE-089/SqlInjection.ql
                      (eventual cause: InvalidQuerySpecifierException "Invalid pack name 'github/codeql/python-queries:Security/CWE/CWE-089/SqlInjection.ql'.")
                      com.semmle.frontend.packs.QuerySpecifier.parseOrThrow(QuerySpecifier.java:91)
                      java.base/java.util.stream.ReferencePipeline$3$1.accept(Unknown Source)
                      java.base/java.util.ArrayList$ArrayListSpliterator.forEachRemaining(Unknown Source)
                      java.base/java.util.stream.AbstractPipeline.copyInto(Unknown Source)
                      java.base/java.util.stream.AbstractPipeline.wrapAndCopyInto(Unknown Source)
                      java.base/java.util.stream.ReduceOps$ReduceOp.evaluateSequential(Unknown Source)
                      java.base/java.util.stream.AbstractPipeline.evaluate(Unknown Source)
                      java.base/java.util.stream.ReferencePipeline.collect(Unknown Source)
                      com.semmle.frontend.packs.QuerySpecifier.parseListOrThrow(QuerySpecifier.java:84)
                      com.semmle.cli2.resolve.ResolveQueriesCommand.executeJSON(ResolveQueriesCommand.java:194)
                      com.semmle.cli2.resolve.ResolveQueriesCommand.executeJSON(ResolveQueriesCommand.java:68)
                      com.semmle.cli2.picocli.SimpleJsonSubcommand.executeInsistingOnJSONWithExistingMessages(SimpleJsonSubcommand.java:121)
                      com.semmle.cli2.picocli.SubcommandCommon.withCompilationMessages(SubcommandCommon.java:444)
                      com.semmle.cli2.picocli.SimpleJsonSubcommand.executeInsistingOnJSON(SimpleJsonSubcommand.java:110)
                      com.semmle.cli2.picocli.PlumbingRunner.call(PlumbingRunner.java:61)
                      com.semmle.cli2.picocli.SubcommandCommon.callPlumbingInProcess(SubcommandCommon.java:170)
                      com.semmle.cli2.execute.ExecuteQueriesCommand.executeSubcommand(ExecuteQueriesCommand.java:424)
                      com.semmle.cli2.picocli.SubcommandCommon.lambda$executeSubcommandWithMessages$5(SubcommandCommon.java:892)
                      com.semmle.cli2.picocli.SubcommandCommon.withCompilationMessages(SubcommandCommon.java:444)
                      com.semmle.cli2.picocli.SubcommandCommon.executeSubcommandWithMessages(SubcommandCommon.java:890)
                      com.semmle.cli2.picocli.SubcommandCommon.toplevelMain(SubcommandCommon.java:777)
                      com.semmle.cli2.picocli.SubcommandCommon.call(SubcommandCommon.java:757)
                      com.semmle.cli2.picocli.SubcommandMaker.runMain(SubcommandMaker.java:238)
                      com.semmle.cli2.picocli.SubcommandMaker.runMain(SubcommandMaker.java:259)
                      com.semmle.cli2.CodeQL.main(CodeQL.java:115)
                      
                       ... caused by:
                      
                      com.semmle.frontend.packs.QuerySpecifier$InvalidQuerySpecifierException: Invalid pack name 'github/codeql/python-queries:Security/CWE/CWE-089/SqlInjection.ql'.
                      com.semmle.frontend.packs.QuerySpecifier.internalParse(QuerySpecifier.java:196)
                      com.semmle.frontend.packs.QuerySpecifier.parseOrThrow(QuerySpecifier.java:89)
                      java.base/java.util.stream.ReferencePipeline$3$1.accept(Unknown Source)
                      java.base/java.util.ArrayList$ArrayListSpliterator.forEachRemaining(Unknown Source)
                      java.base/java.util.stream.AbstractPipeline.copyInto(Unknown Source)
                      java.base/java.util.stream.AbstractPipeline.wrapAndCopyInto(Unknown Source)
                      java.base/java.util.stream.ReduceOps$ReduceOp.evaluateSequential(Unknown Source)
                      java.base/java.util.stream.AbstractPipeline.evaluate(Unknown Source)
                      java.base/java.util.stream.ReferencePipeline.collect(Unknown Source)
                      com.semmle.frontend.packs.QuerySpecifier.parseListOrThrow(QuerySpecifier.java:84)
                      com.semmle.cli2.resolve.ResolveQueriesCommand.executeJSON(ResolveQueriesCommand.java:194)
                      com.semmle.cli2.resolve.ResolveQueriesCommand.executeJSON(ResolveQueriesCommand.java:68)
                      com.semmle.cli2.picocli.SimpleJsonSubcommand.executeInsistingOnJSONWithExistingMessages(SimpleJsonSubcommand.java:121)
                      com.semmle.cli2.picocli.SubcommandCommon.withCompilationMessages(SubcommandCommon.java:444)
                      com.semmle.cli2.picocli.SimpleJsonSubcommand.executeInsistingOnJSON(SimpleJsonSubcommand.java:110)
                      com.semmle.cli2.picocli.PlumbingRunner.call(PlumbingRunner.java:61)
                      com.semmle.cli2.picocli.SubcommandCommon.callPlumbingInProcess(SubcommandCommon.java:170)
                      com.semmle.cli2.execute.ExecuteQueriesCommand.executeSubcommand(ExecuteQueriesCommand.java:424)
                      com.semmle.cli2.picocli.SubcommandCommon.lambda$executeSubcommandWithMessages$5(SubcommandCommon.java:892)
                      com.semmle.cli2.picocli.SubcommandCommon.withCompilationMessages(SubcommandCommon.java:444)
                      com.semmle.cli2.picocli.SubcommandCommon.executeSubcommandWithMessages(SubcommandCommon.java:890)
                      com.semmle.cli2.picocli.SubcommandCommon.toplevelMain(SubcommandCommon.java:777)
                      com.semmle.cli2.picocli.SubcommandCommon.call(SubcommandCommon.java:757)
                      com.semmle.cli2.picocli.SubcommandMaker.runMain(SubcommandMaker.java:238)
                      com.semmle.cli2.picocli.SubcommandMaker.runMain(SubcommandMaker.java:259)
                      com.semmle.cli2.CodeQL.main(CodeQL.java:115)
